[2021-04-17 20:41:24,040] multiqc                                            [DEBUG  ]  No MultiQC config found: /pbtech_mounts/softlib001/apps/EL7/spack/opt/spack/linux-centos7-x86_64/gcc-6.3.0/py-multiqc-1.7-7wstaml7opzvdb5liiuxniifwufxfmzv/lib/python3.5/site-packages/multiqc_config.yaml
[2021-04-17 20:41:24,040] multiqc                                            [DEBUG  ]  No MultiQC config found: /home/miz4003/.multiqc_config.yaml
[2021-04-17 20:41:24,041] multiqc                                            [DEBUG  ]  No MultiQC config found: multiqc_config.yaml
[2021-04-17 20:41:24,041] multiqc                                            [DEBUG  ]  Command used: /pbtech_mounts/softlib001/apps/EL7/spack/opt/spack/linux-centos7-x86_64/gcc-6.3.0/py-multiqc-1.7-7wstaml7opzvdb5liiuxniifwufxfmzv/bin/multiqc .
[2021-04-17 20:41:24,839] multiqc                                            [WARNING]  MultiQC Version v1.10.1 now available!
[2021-04-17 20:41:24,839] multiqc                                            [INFO   ]  This is MultiQC v1.7 (7d61ef5)
[2021-04-17 20:41:24,839] multiqc                                            [DEBUG  ]  Command     : /pbtech_mounts/softlib001/apps/EL7/spack/opt/spack/linux-centos7-x86_64/gcc-6.3.0/py-multiqc-1.7-7wstaml7opzvdb5liiuxniifwufxfmzv/bin/multiqc .
[2021-04-17 20:41:24,840] multiqc                                            [DEBUG  ]  Working dir : /pbtech_mounts/homes064/miz4003/angsd/angsd_project/fastq
[2021-04-17 20:41:24,840] multiqc                                            [INFO   ]  Template    : default
[2021-04-17 20:41:24,840] multiqc                                            [INFO   ]  Searching '.'
[2021-04-17 20:41:24,841] multiqc                                            [DEBUG  ]  Analysing modules: custom_content, conpair, peddy, methylQA, phantompeakqualtools, qualimap, preseq, quast, qorts, rna_seqc, rsem, rseqc, busco, goleft_indexcov, disambiguate, supernova, deeptools, sargasso, verifybamid, mirtrace, happy, homer, macs2, theta2, snpeff, gatk, htseq, bcftools, featureCounts, dedup, damageprofiler, picard, prokka, samblaster, samtools, bamtools, jellyfish, vcftools, longranger, stacks, bbmap, bismark, biscuit, hicexplorer, hicup, hicpro, salmon, kallisto, slamdunk, star, hisat2, tophat, bowtie2, bowtie1, kat, leehom, adapterRemoval, clipandmerge, cutadapt, flexbar, trimmomatic, skewer, sortmerna, biobloomtools, fastq_screen, afterqc, fastp, fastqc, minionqc, clusterflow, bcl2fastq, interop, flash
[2021-04-17 20:41:24,842] multiqc                                            [DEBUG  ]  Using temporary directory for creating report: /tmp/tmpam_r5f7_
[2021-04-17 20:41:24,994] multiqc                                            [DEBUG  ]  Ignoring file as matched an ignore pattern: SRR7655997.1.fastq
[2021-04-17 20:41:24,995] multiqc                                            [DEBUG  ]  Ignoring file as matched an ignore pattern: SRR7655998.1.fastq
[2021-04-17 20:41:25,065] multiqc                                            [DEBUG  ]  Ignoring file as matched an ignore pattern: SRR7655997.1_fastqc.html
[2021-04-17 20:41:25,066] multiqc                                            [DEBUG  ]  Ignoring file as matched an ignore pattern: SRR7655998.1_fastqc.html
[2021-04-17 20:41:25,127] multiqc                                            [DEBUG  ]  Ignoring file as matched an ignore pattern: fastqc_report.html
[2021-04-17 20:41:25,243] multiqc                                            [DEBUG  ]  Ignoring file as matched an ignore pattern: fastqc_report.html
[2021-04-17 20:41:25,339] multiqc                                            [DEBUG  ]  Ignoring file as matched an ignore pattern: SRR7656005.1.fastq
[2021-04-17 20:41:25,339] multiqc                                            [DEBUG  ]  Ignoring file as matched an ignore pattern: SRR7656006.1.fastq
[2021-04-17 20:41:25,340] multiqc                                            [DEBUG  ]  Ignoring file as matched an ignore pattern: SRR7656007.1.fastq
[2021-04-17 20:41:25,342] multiqc                                            [DEBUG  ]  Ignoring file as matched an ignore pattern: SRR7656005.1_fastqc.html
[2021-04-17 20:41:25,344] multiqc                                            [DEBUG  ]  Ignoring file as matched an ignore pattern: SRR7656006.1_fastqc.html
[2021-04-17 20:41:25,346] multiqc                                            [DEBUG  ]  Ignoring file as matched an ignore pattern: SRR7656007.1_fastqc.html
[2021-04-17 20:41:25,396] multiqc                                            [DEBUG  ]  Ignoring file as matched an ignore pattern: fastqc_report.html
[2021-04-17 20:41:25,513] multiqc                                            [DEBUG  ]  Ignoring file as matched an ignore pattern: fastqc_report.html
[2021-04-17 20:41:25,625] multiqc                                            [DEBUG  ]  Ignoring file as matched an ignore pattern: fastqc_report.html
[2021-04-17 20:41:26,946] multiqc                                            [DEBUG  ]  No samples found: custom_content
[2021-04-17 20:41:26,954] multiqc                                            [DEBUG  ]  No samples found: conpair
[2021-04-17 20:41:26,963] multiqc                                            [DEBUG  ]  No samples found: peddy
[2021-04-17 20:41:26,971] multiqc                                            [DEBUG  ]  No samples found: methylQA
[2021-04-17 20:41:26,979] multiqc                                            [DEBUG  ]  No samples found: phantompeakqualtools
[2021-04-17 20:41:26,989] multiqc                                            [DEBUG  ]  No samples found: qualimap
[2021-04-17 20:41:26,997] multiqc                                            [DEBUG  ]  No samples found: preseq
[2021-04-17 20:41:27,005] multiqc                                            [DEBUG  ]  No samples found: quast
[2021-04-17 20:41:27,013] multiqc                                            [DEBUG  ]  No samples found: qorts
[2021-04-17 20:41:27,021] multiqc                                            [DEBUG  ]  No samples found: rna_seqc
[2021-04-17 20:41:27,029] multiqc                                            [DEBUG  ]  No samples found: rsem
[2021-04-17 20:41:27,045] multiqc                                            [DEBUG  ]  No samples found: rseqc
[2021-04-17 20:41:27,053] multiqc                                            [DEBUG  ]  No samples found: busco
[2021-04-17 20:41:27,060] multiqc                                            [DEBUG  ]  No samples found: goleft_indexcov
[2021-04-17 20:41:27,068] multiqc                                            [DEBUG  ]  No samples found: disambiguate
[2021-04-17 20:41:27,076] multiqc                                            [DEBUG  ]  No samples found: supernova
[2021-04-17 20:41:27,092] multiqc                                            [DEBUG  ]  No samples found: deeptools
[2021-04-17 20:41:27,100] multiqc                                            [DEBUG  ]  No samples found: sargasso
[2021-04-17 20:41:27,108] multiqc                                            [DEBUG  ]  No samples found: verifybamid
[2021-04-17 20:41:27,118] multiqc                                            [DEBUG  ]  No samples found: mirtrace
[2021-04-17 20:41:27,126] multiqc                                            [DEBUG  ]  No samples found: happy
[2021-04-17 20:41:27,136] multiqc                                            [DEBUG  ]  No samples found: homer
[2021-04-17 20:41:27,144] multiqc                                            [DEBUG  ]  No samples found: macs2
[2021-04-17 20:41:27,152] multiqc                                            [DEBUG  ]  No samples found: theta2
[2021-04-17 20:41:27,159] multiqc                                            [DEBUG  ]  No samples found: snpeff
[2021-04-17 20:41:27,170] multiqc                                            [DEBUG  ]  No samples found: gatk
[2021-04-17 20:41:27,178] multiqc                                            [DEBUG  ]  No samples found: htseq
[2021-04-17 20:41:27,186] multiqc                                            [DEBUG  ]  No samples found: bcftools
[2021-04-17 20:41:27,194] multiqc                                            [DEBUG  ]  No samples found: featureCounts
[2021-04-17 20:41:27,201] multiqc                                            [DEBUG  ]  No samples found: dedup
[2021-04-17 20:41:27,208] multiqc                                            [DEBUG  ]  No samples found: damageprofiler
[2021-04-17 20:41:27,227] multiqc                                            [DEBUG  ]  No samples found: picard
[2021-04-17 20:41:27,233] multiqc                                            [DEBUG  ]  No samples found: prokka
[2021-04-17 20:41:27,242] multiqc                                            [DEBUG  ]  No samples found: samblaster
[2021-04-17 20:41:27,256] multiqc                                            [DEBUG  ]  No samples found: samtools
[2021-04-17 20:41:27,266] multiqc                                            [DEBUG  ]  No samples found: bamtools
[2021-04-17 20:41:27,277] multiqc                                            [DEBUG  ]  No samples found: jellyfish
[2021-04-17 20:41:27,292] multiqc                                            [DEBUG  ]  No samples found: vcftools
[2021-04-17 20:41:27,300] multiqc                                            [DEBUG  ]  No samples found: longranger
[2021-04-17 20:41:27,308] multiqc                                            [DEBUG  ]  No samples found: stacks
[2021-04-17 20:41:27,327] multiqc                                            [DEBUG  ]  No samples found: bbmap
[2021-04-17 20:41:27,335] multiqc                                            [DEBUG  ]  No samples found: bismark
[2021-04-17 20:41:27,343] multiqc                                            [DEBUG  ]  No samples found: biscuit
[2021-04-17 20:41:27,349] multiqc                                            [DEBUG  ]  No samples found: hicexplorer
[2021-04-17 20:41:27,356] multiqc                                            [DEBUG  ]  No samples found: hicup
[2021-04-17 20:41:27,364] multiqc                                            [DEBUG  ]  No samples found: hicpro
[2021-04-17 20:41:27,370] multiqc                                            [DEBUG  ]  No samples found: salmon
[2021-04-17 20:41:27,377] multiqc                                            [DEBUG  ]  No samples found: kallisto
[2021-04-17 20:41:27,384] multiqc                                            [DEBUG  ]  No samples found: slamdunk
[2021-04-17 20:41:27,391] multiqc                                            [DEBUG  ]  No samples found: star
[2021-04-17 20:41:27,398] multiqc                                            [DEBUG  ]  No samples found: hisat2
[2021-04-17 20:41:27,405] multiqc                                            [DEBUG  ]  No samples found: tophat
[2021-04-17 20:41:27,413] multiqc                                            [DEBUG  ]  No samples found: bowtie2
[2021-04-17 20:41:27,420] multiqc                                            [DEBUG  ]  No samples found: bowtie1
[2021-04-17 20:41:27,427] multiqc                                            [DEBUG  ]  No samples found: kat
[2021-04-17 20:41:27,434] multiqc                                            [DEBUG  ]  No samples found: leehom
[2021-04-17 20:41:27,441] multiqc                                            [DEBUG  ]  No samples found: adapterRemoval
[2021-04-17 20:41:27,447] multiqc                                            [DEBUG  ]  No samples found: clipandmerge
[2021-04-17 20:41:27,453] multiqc                                            [DEBUG  ]  No samples found: cutadapt
[2021-04-17 20:41:27,458] multiqc                                            [DEBUG  ]  No samples found: flexbar
[2021-04-17 20:41:27,463] multiqc                                            [DEBUG  ]  No samples found: trimmomatic
[2021-04-17 20:41:27,469] multiqc                                            [DEBUG  ]  No samples found: skewer
[2021-04-17 20:41:27,474] multiqc                                            [DEBUG  ]  No samples found: sortmerna
[2021-04-17 20:41:27,480] multiqc                                            [DEBUG  ]  No samples found: biobloomtools
[2021-04-17 20:41:27,485] multiqc                                            [DEBUG  ]  No samples found: fastq_screen
[2021-04-17 20:41:27,491] multiqc                                            [DEBUG  ]  No samples found: afterqc
[2021-04-17 20:41:27,497] multiqc                                            [DEBUG  ]  No samples found: fastp
[2021-04-17 20:41:27,697] multiqc.modules.fastqc.fastqc                      [DEBUG  ]  Skipping 'SRR7655997.1_fastqc.zip' as already parsed 'SRR7655997.1'
[2021-04-17 20:41:27,697] multiqc.modules.fastqc.fastqc                      [DEBUG  ]  Skipping 'SRR7655998.1_fastqc.zip' as already parsed 'SRR7655998.1'
[2021-04-17 20:41:27,698] multiqc.modules.fastqc.fastqc                      [DEBUG  ]  Skipping 'SRR7656005.1_fastqc.zip' as already parsed 'SRR7656005.1'
[2021-04-17 20:41:27,698] multiqc.modules.fastqc.fastqc                      [DEBUG  ]  Skipping 'SRR7656006.1_fastqc.zip' as already parsed 'SRR7656006.1'
[2021-04-17 20:41:27,699] multiqc.modules.fastqc.fastqc                      [DEBUG  ]  Skipping 'SRR7656007.1_fastqc.zip' as already parsed 'SRR7656007.1'
[2021-04-17 20:41:27,699] multiqc.modules.fastqc.fastqc                      [INFO   ]  Found 5 reports
[2021-04-17 20:41:27,846] multiqc                                            [DEBUG  ]  No samples found: minionqc
[2021-04-17 20:41:27,852] multiqc                                            [DEBUG  ]  No samples found: clusterflow
[2021-04-17 20:41:27,858] multiqc                                            [DEBUG  ]  No samples found: bcl2fastq
[2021-04-17 20:41:27,863] multiqc                                            [DEBUG  ]  No samples found: interop
[2021-04-17 20:41:27,869] multiqc                                            [DEBUG  ]  No samples found: flash
[2021-04-17 20:41:27,880] multiqc                                            [INFO   ]  Compressing plot data
[2021-04-17 20:41:28,003] multiqc                                            [INFO   ]  Report      : multiqc_report.html
[2021-04-17 20:41:28,003] multiqc                                            [INFO   ]  Data        : multiqc_data
[2021-04-17 20:41:28,003] multiqc                                            [DEBUG  ]  Moving data file from '/tmp/tmpam_r5f7_/multiqc_data/multiqc_fastqc.txt' to '/pbtech_mounts/homes064/miz4003/angsd/angsd_project/fastq/multiqc_data'
[2021-04-17 20:41:28,006] multiqc                                            [DEBUG  ]  Moving data file from '/tmp/tmpam_r5f7_/multiqc_data/multiqc_general_stats.txt' to '/pbtech_mounts/homes064/miz4003/angsd/angsd_project/fastq/multiqc_data'
[2021-04-17 20:41:28,009] multiqc                                            [DEBUG  ]  Moving data file from '/tmp/tmpam_r5f7_/multiqc_data/multiqc_sources.txt' to '/pbtech_mounts/homes064/miz4003/angsd/angsd_project/fastq/multiqc_data'
[2021-04-17 20:41:28,011] multiqc                                            [DEBUG  ]  Moving data file from '/tmp/tmpam_r5f7_/multiqc_data/multiqc_data.json' to '/pbtech_mounts/homes064/miz4003/angsd/angsd_project/fastq/multiqc_data'
[2021-04-17 20:41:28,287] multiqc                                            [INFO   ]  MultiQC complete
