[2021-04-17 20:55:13,787] multiqc                                            [DEBUG  ]  No MultiQC config found: /pbtech_mounts/softlib001/apps/EL7/spack/opt/spack/linux-centos7-x86_64/gcc-6.3.0/py-multiqc-1.7-7wstaml7opzvdb5liiuxniifwufxfmzv/lib/python3.5/site-packages/multiqc_config.yaml
[2021-04-17 20:55:13,787] multiqc                                            [DEBUG  ]  No MultiQC config found: /home/miz4003/.multiqc_config.yaml
[2021-04-17 20:55:13,787] multiqc                                            [DEBUG  ]  No MultiQC config found: multiqc_config.yaml
[2021-04-17 20:55:13,787] multiqc                                            [DEBUG  ]  Command used: /pbtech_mounts/softlib001/apps/EL7/spack/opt/spack/linux-centos7-x86_64/gcc-6.3.0/py-multiqc-1.7-7wstaml7opzvdb5liiuxniifwufxfmzv/bin/multiqc .
[2021-04-17 20:55:14,272] multiqc                                            [WARNING]  MultiQC Version v1.10.1 now available!
[2021-04-17 20:55:14,273] multiqc                                            [INFO   ]  This is MultiQC v1.7 (7d61ef5)
[2021-04-17 20:55:14,273] multiqc                                            [DEBUG  ]  Command     : /pbtech_mounts/softlib001/apps/EL7/spack/opt/spack/linux-centos7-x86_64/gcc-6.3.0/py-multiqc-1.7-7wstaml7opzvdb5liiuxniifwufxfmzv/bin/multiqc .
[2021-04-17 20:55:14,273] multiqc                                            [DEBUG  ]  Working dir : /pbtech_mounts/homes064/miz4003/angsd/angsd_project/fastq
[2021-04-17 20:55:14,273] multiqc                                            [INFO   ]  Template    : default
[2021-04-17 20:55:14,274] multiqc                                            [INFO   ]  Searching '.'
[2021-04-17 20:55:14,275] multiqc                                            [DEBUG  ]  Analysing modules: custom_content, conpair, peddy, methylQA, phantompeakqualtools, qualimap, preseq, quast, qorts, rna_seqc, rsem, rseqc, busco, goleft_indexcov, disambiguate, supernova, deeptools, sargasso, verifybamid, mirtrace, happy, homer, macs2, theta2, snpeff, gatk, htseq, bcftools, featureCounts, dedup, damageprofiler, picard, prokka, samblaster, samtools, bamtools, jellyfish, vcftools, longranger, stacks, bbmap, bismark, biscuit, hicexplorer, hicup, hicpro, salmon, kallisto, slamdunk, star, hisat2, tophat, bowtie2, bowtie1, kat, leehom, adapterRemoval, clipandmerge, cutadapt, flexbar, trimmomatic, skewer, sortmerna, biobloomtools, fastq_screen, afterqc, fastp, fastqc, minionqc, clusterflow, bcl2fastq, interop, flash
[2021-04-17 20:55:14,275] multiqc                                            [DEBUG  ]  Using temporary directory for creating report: /tmp/tmpak9_0qzi
[2021-04-17 20:55:14,377] multiqc                                            [DEBUG  ]  Ignoring directory as matched fn_ignore_dirs: ./multiqc_data
[2021-04-17 20:55:14,400] multiqc                                            [DEBUG  ]  Ignoring file as matched an ignore pattern: multiqc_report.html
[2021-04-17 20:55:14,400] multiqc                                            [DEBUG  ]  Ignoring file as matched an ignore pattern: SRR7655997.1.fastq
[2021-04-17 20:55:14,401] multiqc                                            [DEBUG  ]  Ignoring file as matched an ignore pattern: SRR7655998.1.fastq
[2021-04-17 20:55:14,472] multiqc                                            [DEBUG  ]  Ignoring file as matched an ignore pattern: SRR7655997.1_fastqc.html
[2021-04-17 20:55:14,473] multiqc                                            [DEBUG  ]  Ignoring file as matched an ignore pattern: SRR7655998.1_fastqc.html
[2021-04-17 20:55:14,474] multiqc                                            [DEBUG  ]  Ignoring file as matched an ignore pattern: SRR7655996.1.fastq
[2021-04-17 20:55:14,475] multiqc                                            [DEBUG  ]  Ignoring file as matched an ignore pattern: SRR7655996.1_fastqc.html
[2021-04-17 20:55:14,544] multiqc                                            [DEBUG  ]  Ignoring file as matched an ignore pattern: fastqc_report.html
[2021-04-17 20:55:14,646] multiqc                                            [DEBUG  ]  Ignoring file as matched an ignore pattern: fastqc_report.html
[2021-04-17 20:55:14,753] multiqc                                            [DEBUG  ]  Ignoring file as matched an ignore pattern: fastqc_report.html
[2021-04-17 20:55:14,825] multiqc                                            [DEBUG  ]  Ignoring file as matched an ignore pattern: SRR7656005.1.fastq
[2021-04-17 20:55:14,825] multiqc                                            [DEBUG  ]  Ignoring file as matched an ignore pattern: SRR7656006.1.fastq
[2021-04-17 20:55:14,825] multiqc                                            [DEBUG  ]  Ignoring file as matched an ignore pattern: SRR7656007.1.fastq
[2021-04-17 20:55:14,826] multiqc                                            [DEBUG  ]  Ignoring file as matched an ignore pattern: SRR7656005.1_fastqc.html
[2021-04-17 20:55:14,827] multiqc                                            [DEBUG  ]  Ignoring file as matched an ignore pattern: SRR7656006.1_fastqc.html
[2021-04-17 20:55:14,827] multiqc                                            [DEBUG  ]  Ignoring file as matched an ignore pattern: SRR7656007.1_fastqc.html
[2021-04-17 20:55:14,867] multiqc                                            [DEBUG  ]  Ignoring file as matched an ignore pattern: fastqc_report.html
[2021-04-17 20:55:14,984] multiqc                                            [DEBUG  ]  Ignoring file as matched an ignore pattern: fastqc_report.html
[2021-04-17 20:55:15,099] multiqc                                            [DEBUG  ]  Ignoring file as matched an ignore pattern: fastqc_report.html
[2021-04-17 20:55:15,606] multiqc                                            [DEBUG  ]  No samples found: custom_content
[2021-04-17 20:55:15,612] multiqc                                            [DEBUG  ]  No samples found: conpair
[2021-04-17 20:55:15,617] multiqc                                            [DEBUG  ]  No samples found: peddy
[2021-04-17 20:55:15,622] multiqc                                            [DEBUG  ]  No samples found: methylQA
[2021-04-17 20:55:15,628] multiqc                                            [DEBUG  ]  No samples found: phantompeakqualtools
[2021-04-17 20:55:15,634] multiqc                                            [DEBUG  ]  No samples found: qualimap
[2021-04-17 20:55:15,640] multiqc                                            [DEBUG  ]  No samples found: preseq
[2021-04-17 20:55:15,645] multiqc                                            [DEBUG  ]  No samples found: quast
[2021-04-17 20:55:15,650] multiqc                                            [DEBUG  ]  No samples found: qorts
[2021-04-17 20:55:15,656] multiqc                                            [DEBUG  ]  No samples found: rna_seqc
[2021-04-17 20:55:15,661] multiqc                                            [DEBUG  ]  No samples found: rsem
[2021-04-17 20:55:15,671] multiqc                                            [DEBUG  ]  No samples found: rseqc
[2021-04-17 20:55:15,677] multiqc                                            [DEBUG  ]  No samples found: busco
[2021-04-17 20:55:15,682] multiqc                                            [DEBUG  ]  No samples found: goleft_indexcov
[2021-04-17 20:55:15,688] multiqc                                            [DEBUG  ]  No samples found: disambiguate
[2021-04-17 20:55:15,693] multiqc                                            [DEBUG  ]  No samples found: supernova
[2021-04-17 20:55:15,705] multiqc                                            [DEBUG  ]  No samples found: deeptools
[2021-04-17 20:55:15,710] multiqc                                            [DEBUG  ]  No samples found: sargasso
[2021-04-17 20:55:15,715] multiqc                                            [DEBUG  ]  No samples found: verifybamid
[2021-04-17 20:55:15,722] multiqc                                            [DEBUG  ]  No samples found: mirtrace
[2021-04-17 20:55:15,727] multiqc                                            [DEBUG  ]  No samples found: happy
[2021-04-17 20:55:15,734] multiqc                                            [DEBUG  ]  No samples found: homer
[2021-04-17 20:55:15,740] multiqc                                            [DEBUG  ]  No samples found: macs2
[2021-04-17 20:55:15,745] multiqc                                            [DEBUG  ]  No samples found: theta2
[2021-04-17 20:55:15,751] multiqc                                            [DEBUG  ]  No samples found: snpeff
[2021-04-17 20:55:15,758] multiqc                                            [DEBUG  ]  No samples found: gatk
[2021-04-17 20:55:15,763] multiqc                                            [DEBUG  ]  No samples found: htseq
[2021-04-17 20:55:15,769] multiqc                                            [DEBUG  ]  No samples found: bcftools
[2021-04-17 20:55:15,774] multiqc                                            [DEBUG  ]  No samples found: featureCounts
[2021-04-17 20:55:15,780] multiqc                                            [DEBUG  ]  No samples found: dedup
[2021-04-17 20:55:15,785] multiqc                                            [DEBUG  ]  No samples found: damageprofiler
[2021-04-17 20:55:15,798] multiqc                                            [DEBUG  ]  No samples found: picard
[2021-04-17 20:55:15,804] multiqc                                            [DEBUG  ]  No samples found: prokka
[2021-04-17 20:55:15,809] multiqc                                            [DEBUG  ]  No samples found: samblaster
[2021-04-17 20:55:15,817] multiqc                                            [DEBUG  ]  No samples found: samtools
[2021-04-17 20:55:15,824] multiqc                                            [DEBUG  ]  No samples found: bamtools
[2021-04-17 20:55:15,829] multiqc                                            [DEBUG  ]  No samples found: jellyfish
[2021-04-17 20:55:15,836] multiqc                                            [DEBUG  ]  No samples found: vcftools
[2021-04-17 20:55:15,842] multiqc                                            [DEBUG  ]  No samples found: longranger
[2021-04-17 20:55:15,847] multiqc                                            [DEBUG  ]  No samples found: stacks
[2021-04-17 20:55:15,858] multiqc                                            [DEBUG  ]  No samples found: bbmap
[2021-04-17 20:55:15,864] multiqc                                            [DEBUG  ]  No samples found: bismark
[2021-04-17 20:55:15,869] multiqc                                            [DEBUG  ]  No samples found: biscuit
[2021-04-17 20:55:15,875] multiqc                                            [DEBUG  ]  No samples found: hicexplorer
[2021-04-17 20:55:15,880] multiqc                                            [DEBUG  ]  No samples found: hicup
[2021-04-17 20:55:15,886] multiqc                                            [DEBUG  ]  No samples found: hicpro
[2021-04-17 20:55:15,891] multiqc                                            [DEBUG  ]  No samples found: salmon
[2021-04-17 20:55:15,896] multiqc                                            [DEBUG  ]  No samples found: kallisto
[2021-04-17 20:55:15,902] multiqc                                            [DEBUG  ]  No samples found: slamdunk
[2021-04-17 20:55:15,907] multiqc                                            [DEBUG  ]  No samples found: star
[2021-04-17 20:55:15,912] multiqc                                            [DEBUG  ]  No samples found: hisat2
[2021-04-17 20:55:15,918] multiqc                                            [DEBUG  ]  No samples found: tophat
[2021-04-17 20:55:15,923] multiqc                                            [DEBUG  ]  No samples found: bowtie2
[2021-04-17 20:55:15,929] multiqc                                            [DEBUG  ]  No samples found: bowtie1
[2021-04-17 20:55:15,934] multiqc                                            [DEBUG  ]  No samples found: kat
[2021-04-17 20:55:15,940] multiqc                                            [DEBUG  ]  No samples found: leehom
[2021-04-17 20:55:15,946] multiqc                                            [DEBUG  ]  No samples found: adapterRemoval
[2021-04-17 20:55:15,952] multiqc                                            [DEBUG  ]  No samples found: clipandmerge
[2021-04-17 20:55:15,957] multiqc                                            [DEBUG  ]  No samples found: cutadapt
[2021-04-17 20:55:15,963] multiqc                                            [DEBUG  ]  No samples found: flexbar
[2021-04-17 20:55:15,969] multiqc                                            [DEBUG  ]  No samples found: trimmomatic
[2021-04-17 20:55:15,974] multiqc                                            [DEBUG  ]  No samples found: skewer
[2021-04-17 20:55:15,981] multiqc                                            [DEBUG  ]  No samples found: sortmerna
[2021-04-17 20:55:15,987] multiqc                                            [DEBUG  ]  No samples found: biobloomtools
[2021-04-17 20:55:15,992] multiqc                                            [DEBUG  ]  No samples found: fastq_screen
[2021-04-17 20:55:15,998] multiqc                                            [DEBUG  ]  No samples found: afterqc
[2021-04-17 20:55:16,004] multiqc                                            [DEBUG  ]  No samples found: fastp
[2021-04-17 20:55:16,204] multiqc.modules.fastqc.fastqc                      [DEBUG  ]  Skipping 'SRR7655997.1_fastqc.zip' as already parsed 'SRR7655997.1'
[2021-04-17 20:55:16,204] multiqc.modules.fastqc.fastqc                      [DEBUG  ]  Skipping 'SRR7655998.1_fastqc.zip' as already parsed 'SRR7655998.1'
[2021-04-17 20:55:16,204] multiqc.modules.fastqc.fastqc                      [DEBUG  ]  Skipping 'SRR7655996.1_fastqc.zip' as already parsed 'SRR7655996.1'
[2021-04-17 20:55:16,204] multiqc.modules.fastqc.fastqc                      [DEBUG  ]  Skipping 'SRR7656005.1_fastqc.zip' as already parsed 'SRR7656005.1'
[2021-04-17 20:55:16,205] multiqc.modules.fastqc.fastqc                      [DEBUG  ]  Skipping 'SRR7656006.1_fastqc.zip' as already parsed 'SRR7656006.1'
[2021-04-17 20:55:16,205] multiqc.modules.fastqc.fastqc                      [DEBUG  ]  Skipping 'SRR7656007.1_fastqc.zip' as already parsed 'SRR7656007.1'
[2021-04-17 20:55:16,205] multiqc.modules.fastqc.fastqc                      [INFO   ]  Found 6 reports
[2021-04-17 20:55:16,336] multiqc                                            [DEBUG  ]  No samples found: minionqc
[2021-04-17 20:55:16,342] multiqc                                            [DEBUG  ]  No samples found: clusterflow
[2021-04-17 20:55:16,348] multiqc                                            [DEBUG  ]  No samples found: bcl2fastq
[2021-04-17 20:55:16,353] multiqc                                            [DEBUG  ]  No samples found: interop
[2021-04-17 20:55:16,359] multiqc                                            [DEBUG  ]  No samples found: flash
[2021-04-17 20:55:16,373] multiqc                                            [INFO   ]  Compressing plot data
[2021-04-17 20:55:16,561] multiqc                                            [WARNING]  Previous MultiQC output found! Adjusting filenames..
[2021-04-17 20:55:16,561] multiqc                                            [WARNING]  Use -f or --force to overwrite existing reports instead
[2021-04-17 20:55:16,561] multiqc                                            [INFO   ]  Report      : multiqc_report_1.html
[2021-04-17 20:55:16,561] multiqc                                            [INFO   ]  Data        : multiqc_data_1
[2021-04-17 20:55:16,562] multiqc                                            [DEBUG  ]  Moving data file from '/tmp/tmpak9_0qzi/multiqc_data/multiqc_fastqc.txt' to '/pbtech_mounts/homes064/miz4003/angsd/angsd_project/fastq/multiqc_data_1'
[2021-04-17 20:55:16,565] multiqc                                            [DEBUG  ]  Moving data file from '/tmp/tmpak9_0qzi/multiqc_data/multiqc_general_stats.txt' to '/pbtech_mounts/homes064/miz4003/angsd/angsd_project/fastq/multiqc_data_1'
[2021-04-17 20:55:16,567] multiqc                                            [DEBUG  ]  Moving data file from '/tmp/tmpak9_0qzi/multiqc_data/multiqc_sources.txt' to '/pbtech_mounts/homes064/miz4003/angsd/angsd_project/fastq/multiqc_data_1'
[2021-04-17 20:55:16,569] multiqc                                            [DEBUG  ]  Moving data file from '/tmp/tmpak9_0qzi/multiqc_data/multiqc_data.json' to '/pbtech_mounts/homes064/miz4003/angsd/angsd_project/fastq/multiqc_data_1'
[2021-04-17 20:55:16,747] multiqc                                            [INFO   ]  MultiQC complete
